<?xml version="1.0" encoding="UTF-8"?>
<testng-results ignored="0" total="3" passed="3" failed="0" skipped="0">
  <reporter-output>
  </reporter-output>
  <suite started-at="2022-09-19T01:23:38 GST" name="Default suite" finished-at="2022-09-19T01:23:58 GST" duration-ms="19768">
    <groups>
    </groups>
    <test started-at="2022-09-19T01:23:38 GST" name="Default test" finished-at="2022-09-19T01:23:58 GST" duration-ms="19768">
      <class name="test.JawwyTvTest">
        <test-method is-config="true" signature="beforeClass()[pri:0, instance:test.JawwyTvTest@548d708a]" started-at="2022-09-19T01:23:39 GST" name="beforeClass" finished-at="2022-09-19T01:23:58 GST" duration-ms="19013" status="PASS">
          <reporter-output>
          </reporter-output>
        </test-method> <!-- beforeClass -->
        <test-method signature="verifyBasicPlan()[pri:0, instance:test.JawwyTvTest@548d708a]" started-at="2022-09-19T01:23:58 GST" name="verifyBasicPlan" finished-at="2022-09-19T01:23:58 GST" duration-ms="40" status="PASS">
          <reporter-output>
          </reporter-output>
        </test-method> <!-- verifyBasicPlan -->
        <test-method signature="verifyPremiumPlan()[pri:0, instance:test.JawwyTvTest@548d708a]" started-at="2022-09-19T01:23:58 GST" name="verifyPremiumPlan" finished-at="2022-09-19T01:23:58 GST" duration-ms="77" status="PASS">
          <reporter-output>
          </reporter-output>
        </test-method> <!-- verifyPremiumPlan -->
        <test-method signature="verifylitePlan()[pri:0, instance:test.JawwyTvTest@548d708a]" started-at="2022-09-19T01:23:58 GST" name="verifylitePlan" finished-at="2022-09-19T01:23:58 GST" duration-ms="23" status="PASS">
          <reporter-output>
          </reporter-output>
        </test-method> <!-- verifylitePlan -->
        <test-method is-config="true" signature="afterClass()[pri:0, instance:test.JawwyTvTest@548d708a]" started-at="2022-09-19T01:23:58 GST" name="afterClass" finished-at="2022-09-19T01:23:58 GST" duration-ms="142" status="PASS">
          <reporter-output>
          </reporter-output>
        </test-method> <!-- afterClass -->
      </class> <!-- test.JawwyTvTest -->
    </test> <!-- Default test -->
  </suite> <!-- Default suite -->
</testng-results>
