<?xml version="1.0" encoding="UTF-8"?>
<!-- Generated by org.testng.reporters.JUnitXMLReporter -->
<testsuite ignored="0" hostname="EMRITMAC0161.local" failures="0" tests="3" name="Default test" time="19.768" errors="0" timestamp="2022-09-19T01:23:58 GST">
  <testcase classname="test.JawwyTvTest" name="verifyBasicPlan" time="0.04"/>
  <testcase classname="test.JawwyTvTest" name="verifyPremiumPlan" time="0.077"/>
  <testcase classname="test.JawwyTvTest" name="verifylitePlan" time="0.023"/>
</testsuite> <!-- Default test -->
