<?xml version="1.0" encoding="UTF-8"?>
<!-- Generated by org.testng.reporters.JUnitXMLReporter -->
<testsuite ignored="0" hostname="EMRITMAC0161.local" failures="0" tests="3" name="Default test" time="18.33" errors="0" timestamp="2022-11-11T17:10:25 GST">
  <testcase classname="test.LoginTest" name="Login" time="0.615"/>
  <testcase classname="test.LoginTest" name="select3Items" time="0.255"/>
  <testcase classname="test.LoginTest" name="verifyselect3Items" time="0.051"/>
</testsuite> <!-- Default test -->
